This file contains any messages produced by compilers while
running configure, to aid debugging if configure makes a mistake.

It was created by iptools configure pkgversion, which was
generated by GNU Autoconf 2.69.  Invocation command line was

  $ ./configure 

## --------- ##
## Platform. ##
## --------- ##

hostname = penny-one.local
uname -m = x86_64
uname -r = 14.3.0
uname -s = Darwin
uname -v = Darwin Kernel Version 14.3.0: Mon Mar 23 11:59:05 PDT 2015; root:xnu-2782.20.48~5/RELEASE_X86_64

/usr/bin/uname -p = i386
/bin/uname -X     = unknown

/bin/arch              = unknown
/usr/bin/arch -k       = unknown
/usr/convex/getsysinfo = unknown
/usr/bin/hostinfo      = Mach kernel version:
	 Darwin Kernel Version 14.3.0: Mon Mar 23 11:59:05 PDT 2015; root:xnu-2782.20.48~5/RELEASE_X86_64
Kernel configured for up to 4 processors.
2 processors are physically available.
4 processors are logically available.
Processor type: x86_64h (Intel x86-64h Haswell)
Processors active: 0 1 2 3
Primary memory available: 16.00 gigabytes
Default processor set: 293 tasks, 1610 threads, 4 processors
Load average: 2.44, Mach factor: 1.75
/bin/machine           = unknown
/usr/bin/oslevel       = unknown
/bin/universe          = unknown

PATH: /usr/local/sbin
PATH: /Users/bob/bin
PATH: ~/gocode/bin
PATH: /usr/local/bin
PATH: /usr/bin
PATH: /bin
PATH: /usr/sbin
PATH: /sbin
PATH: /opt/X11/bin
PATH: /Applications/domino
PATH: /usr/local/MacGPG2/bin
PATH: /usr/texbin
PATH: /usr/local/Cellar/go/1.4.2/libexec/bin


## ----------- ##
## Core tests. ##
## ----------- ##

configure:1941: checking for gcc
configure:1957: found /usr/bin/gcc
configure:1968: result: gcc
configure:2197: checking for C compiler version
configure:2206: gcc --version >&5
Apple LLVM version 6.1.0 (clang-602.0.53) (based on LLVM 3.6.0svn)
Target: x86_64-apple-darwin14.3.0
Thread model: posix
Configured with: --prefix=/Applications/Xcode.app/Contents/Developer/usr --with-gxx-include-dir=/usr/include/c++/4.2.1
configure:2217: $? = 0
configure:2206: gcc -v >&5
Configured with: --prefix=/Applications/Xcode.app/Contents/Developer/usr --with-gxx-include-dir=/usr/include/c++/4.2.1
Apple LLVM version 6.1.0 (clang-602.0.53) (based on LLVM 3.6.0svn)
Target: x86_64-apple-darwin14.3.0
Thread model: posix
configure:2217: $? = 0
configure:2206: gcc -V >&5
clang: error: argument to '-V' is missing (expected 1 value)
clang: error: no input files
configure:2217: $? = 1
configure:2206: gcc -qversion >&5
clang: error: unknown argument: '-qversion'
clang: error: no input files
configure:2217: $? = 1
configure:2237: checking whether the C compiler works
configure:2259: gcc -UNDEBUG -Wall -pedantic -g -O0   conftest.c  >&5
configure:2263: $? = 0
configure:2311: result: yes
configure:2314: checking for C compiler default output file name
configure:2316: result: a.out
configure:2322: checking for suffix of executables
configure:2329: gcc -o conftest -UNDEBUG -Wall -pedantic -g -O0   conftest.c  >&5
configure:2333: $? = 0
configure:2355: result: 
configure:2377: checking whether we are cross compiling
configure:2385: gcc -o conftest -UNDEBUG -Wall -pedantic -g -O0   conftest.c  >&5
configure:2389: $? = 0
configure:2396: ./conftest
configure:2400: $? = 0
configure:2415: result: no
configure:2420: checking for suffix of object files
configure:2442: gcc -c -UNDEBUG -Wall -pedantic -g -O0  conftest.c >&5
configure:2446: $? = 0
configure:2467: result: o
configure:2471: checking whether we are using the GNU C compiler
configure:2490: gcc -c -UNDEBUG -Wall -pedantic -g -O0  conftest.c >&5
configure:2490: $? = 0
configure:2499: result: yes
configure:2508: checking whether gcc accepts -g
configure:2528: gcc -c -g  conftest.c >&5
configure:2528: $? = 0
configure:2569: result: yes
configure:2586: checking for gcc option to accept ISO C89
configure:2649: gcc  -c -UNDEBUG -Wall -pedantic -g -O0  conftest.c >&5
configure:2649: $? = 0
configure:2662: result: none needed
configure:2688: checking how to run the C preprocessor
configure:2719: gcc -E  conftest.c
configure:2719: $? = 0
configure:2733: gcc -E  conftest.c
conftest.c:9:10: fatal error: 'ac_nonexistent.h' file not found
#include <ac_nonexistent.h>
         ^
1 error generated.
configure:2733: $? = 1
configure: failed program was:
| /* confdefs.h */
| #define PACKAGE_NAME "iptools"
| #define PACKAGE_TARNAME "iptools"
| #define PACKAGE_VERSION "pkgversion"
| #define PACKAGE_STRING "iptools pkgversion"
| #define PACKAGE_BUGREPORT "bob@rudis.net"
| #define PACKAGE_URL ""
| /* end confdefs.h.  */
| #include <ac_nonexistent.h>
configure:2758: result: gcc -E
configure:2778: gcc -E  conftest.c
configure:2778: $? = 0
configure:2792: gcc -E  conftest.c
conftest.c:9:10: fatal error: 'ac_nonexistent.h' file not found
#include <ac_nonexistent.h>
         ^
1 error generated.
configure:2792: $? = 1
configure: failed program was:
| /* confdefs.h */
| #define PACKAGE_NAME "iptools"
| #define PACKAGE_TARNAME "iptools"
| #define PACKAGE_VERSION "pkgversion"
| #define PACKAGE_STRING "iptools pkgversion"
| #define PACKAGE_BUGREPORT "bob@rudis.net"
| #define PACKAGE_URL ""
| /* end confdefs.h.  */
| #include <ac_nonexistent.h>
configure:2827: checking for R
configure:2843: found /usr/bin/R
configure:2854: result: yes
configure:2875: checking for Rscript
configure:2891: found /usr/bin/Rscript
configure:2902: result: yes
configure:3149: checking for C++ compiler version
configure:3158: clang++ --version >&5
Apple LLVM version 6.1.0 (clang-602.0.53) (based on LLVM 3.6.0svn)
Target: x86_64-apple-darwin14.3.0
Thread model: posix
configure:3169: $? = 0
configure:3158: clang++ -v >&5
Apple LLVM version 6.1.0 (clang-602.0.53) (based on LLVM 3.6.0svn)
Target: x86_64-apple-darwin14.3.0
Thread model: posix
configure:3169: $? = 0
configure:3158: clang++ -V >&5
clang: error: argument to '-V' is missing (expected 1 value)
clang: error: no input files
configure:3169: $? = 1
configure:3158: clang++ -qversion >&5
clang: error: unknown argument: '-qversion'
clang: error: no input files
configure:3169: $? = 1
configure:3173: checking whether we are using the GNU C++ compiler
configure:3192: clang++ -c -Wall -mtune=core2 -g -O2  conftest.cpp >&5
configure:3192: $? = 0
configure:3201: result: yes
configure:3210: checking whether clang++ accepts -g
configure:3230: clang++ -c -g  conftest.cpp >&5
configure:3230: $? = 0
configure:3271: result: yes
configure:3343: checking for boostlib >= 1.40
configure:3424: clang++ -c -Wall -mtune=core2 -g -O2  -I/usr/local/include conftest.cpp >&5
configure:3424: $? = 0
configure:3426: result: yes
configure:3603: checking whether the Boost::Regex library is available
configure:3626: clang++ -c -Wall -mtune=core2 -g -O2  -I/usr/local/include conftest.cpp >&5
conftest.cpp:15:15: warning: empty parentheses interpreted as a function declaration [-Wvexing-parse]
boost::regex r(); return 0;
              ^~
conftest.cpp:15:15: note: remove parentheses to declare a variable
boost::regex r(); return 0;
              ^~
1 warning generated.
configure:3626: $? = 0
configure:3640: result: yes
configure:3652: checking for exit in -lboost_regex-mt
configure:3677: gcc -o conftest -UNDEBUG -Wall -pedantic -g -O0  -I/usr/local/include  -L/usr/local/lib conftest.c -lboost_regex-mt   >&5
conftest.c:18:6: warning: incompatible redeclaration of library function 'exit' [-Wincompatible-library-redeclaration]
char exit ();
     ^
conftest.c:18:6: note: 'exit' is a builtin with type 'void (int) __attribute__((noreturn))'
1 warning generated.
configure:3677: $? = 0
configure:3687: result: yes
configure:3831: checking whether the Boost::ASIO library is available
configure:3862: clang++ -c -Wall -mtune=core2 -g -O2  -I/usr/local/include conftest.cpp >&5
configure:3862: $? = 0
configure:3876: result: yes
configure:3887: checking for main in -lboost_system-mt
configure:3906: gcc -o conftest -UNDEBUG -Wall -pedantic -g -O0  -I/usr/local/include  -L/usr/local/lib conftest.c -lboost_system-mt   >&5
configure:3906: $? = 0
configure:3916: result: yes
configure:4152: creating ./config.status

## ---------------------- ##
## Running config.status. ##
## ---------------------- ##

This file was extended by iptools config.status pkgversion, which was
generated by GNU Autoconf 2.69.  Invocation command line was

  CONFIG_FILES    = 
  CONFIG_HEADERS  = 
  CONFIG_LINKS    = 
  CONFIG_COMMANDS = 
  $ ./config.status 

on penny-one.local

config.status:729: creating src/Makevars

## ---------------- ##
## Cache variables. ##
## ---------------- ##

ac_cv_c_compiler_gnu=yes
ac_cv_cxx_compiler_gnu=yes
ac_cv_env_CCC_set=
ac_cv_env_CCC_value=
ac_cv_env_CC_set=
ac_cv_env_CC_value=
ac_cv_env_CFLAGS_set=set
ac_cv_env_CFLAGS_value='-UNDEBUG -Wall -pedantic -g -O0'
ac_cv_env_CPPFLAGS_set=
ac_cv_env_CPPFLAGS_value=
ac_cv_env_CPP_set=
ac_cv_env_CPP_value=
ac_cv_env_CXXFLAGS_set=set
ac_cv_env_CXXFLAGS_value='-UNDEBUG -Wall -pedantic -g -O0'
ac_cv_env_CXX_set=
ac_cv_env_CXX_value=
ac_cv_env_LDFLAGS_set=
ac_cv_env_LDFLAGS_value=
ac_cv_env_LIBS_set=
ac_cv_env_LIBS_value=
ac_cv_env_build_alias_set=
ac_cv_env_build_alias_value=
ac_cv_env_host_alias_set=
ac_cv_env_host_alias_value=
ac_cv_env_target_alias_set=
ac_cv_env_target_alias_value=
ac_cv_lib_boost_regex_mt___exit=yes
ac_cv_lib_boost_system_mt___main=yes
ac_cv_objext=o
ac_cv_prog_CPP='gcc -E'
ac_cv_prog_R=yes
ac_cv_prog_RSCRIPT=yes
ac_cv_prog_ac_ct_CC=gcc
ac_cv_prog_cc_c89=
ac_cv_prog_cc_g=yes
ac_cv_prog_cxx_g=yes
ax_cv_boost_asio=yes
ax_cv_boost_regex=yes

## ----------------- ##
## Output variables. ##
## ----------------- ##

BOOST_ASIO_LIB='-lboost_system-mt'
BOOST_CPPFLAGS='-I/usr/local/include'
BOOST_LDFLAGS='-L/usr/local/lib'
BOOST_REGEX_LIB='-lboost_regex-mt'
CC='gcc'
CFLAGS='-UNDEBUG -Wall -pedantic -g -O0'
CPP='gcc -E'
CPPFLAGS=''
CXX='clang++'
CXXFLAGS='-I/usr/local/include -Wall -mtune=core2 -g -O2'
DEFS='-DPACKAGE_NAME=\"iptools\" -DPACKAGE_TARNAME=\"iptools\" -DPACKAGE_VERSION=\"pkgversion\" -DPACKAGE_STRING=\"iptools\ pkgversion\" -DPACKAGE_BUGREPORT=\"bob@rudis.net\" -DPACKAGE_URL=\"\" -DHAVE_BOOST=/\*\*/ -DHAVE_BOOST_REGEX=/\*\*/ -DHAVE_BOOST_ASIO=/\*\*/'
ECHO_C='\c'
ECHO_N=''
ECHO_T=''
EXEEXT=''
LDFLAGS='-L/usr/local/lib  '
LIBOBJS=''
LIBS=''
LTLIBOBJS=''
OBJEXT='o'
PACKAGE_BUGREPORT='bob@rudis.net'
PACKAGE_NAME='iptools'
PACKAGE_STRING='iptools pkgversion'
PACKAGE_TARNAME='iptools'
PACKAGE_URL=''
PACKAGE_VERSION='pkgversion'
PATH_SEPARATOR=':'
R='yes'
RSCRIPT='yes'
SHELL='/bin/sh'
ac_ct_CC='gcc'
ac_ct_CXX=''
bindir='${exec_prefix}/bin'
build_alias=''
datadir='${datarootdir}'
datarootdir='${prefix}/share'
docdir='${datarootdir}/doc/${PACKAGE_TARNAME}'
dvidir='${docdir}'
exec_prefix='${prefix}'
host_alias=''
htmldir='${docdir}'
includedir='${prefix}/include'
infodir='${datarootdir}/info'
libdir='${exec_prefix}/lib'
libexecdir='${exec_prefix}/libexec'
localedir='${datarootdir}/locale'
localstatedir='${prefix}/var'
mandir='${datarootdir}/man'
oldincludedir='/usr/include'
pdfdir='${docdir}'
prefix='/usr/local'
program_transform_name='s,x,x,'
psdir='${docdir}'
sbindir='${exec_prefix}/sbin'
sharedstatedir='${prefix}/com'
sysconfdir='${prefix}/etc'
target_alias=''

## ----------- ##
## confdefs.h. ##
## ----------- ##

/* confdefs.h */
#define PACKAGE_NAME "iptools"
#define PACKAGE_TARNAME "iptools"
#define PACKAGE_VERSION "pkgversion"
#define PACKAGE_STRING "iptools pkgversion"
#define PACKAGE_BUGREPORT "bob@rudis.net"
#define PACKAGE_URL ""
#define HAVE_BOOST /**/
#define HAVE_BOOST_REGEX /**/
#define HAVE_BOOST_ASIO /**/

configure: exit 0
